<?xml version="1.0" encoding="UTF-8"?>
<coverage generated="1373643272">
  <project timestamp="1373643272">
    <package name="Trump\Exception">
      <file name="/home/flavio/Dev/labs/php/trump/src/Trump/Exception/NotExistMakerException.php">
        <class name="NotExistMakerException" namespace="Trump\Exception">
          <metrics methods="1" coveredmethods="1" conditionals="0" coveredconditionals="0" statements="2" coveredstatements="2" elements="3" coveredelements="3"/>
        </class>
        <line num="6" type="method" name="__construct" crap="2" count="1"/>
        <line num="8" type="stmt" count="1"/>
        <line num="9" type="stmt" count="1"/>
        <metrics loc="9" ncloc="9" classes="1" methods="1" coveredmethods="1" conditionals="0" coveredconditionals="0" statements="2" coveredstatements="2" elements="3" coveredelements="3"/>
      </file>
    </package>
    <file name="/home/flavio/Dev/labs/php/trump/src/Trump/Maker/MakerInterface.php">
      <metrics loc="6" ncloc="6" classes="0" methods="0" coveredmethods="0" conditionals="0" coveredconditionals="0" statements="0" coveredstatements="0" elements="0" coveredelements="0"/>
    </file>
    <package name="Trump\Maker">
      <file name="/home/flavio/Dev/labs/php/trump/src/Trump/Maker/PhpMaker.php">
        <class name="PhpMaker" namespace="Trump\Maker">
          <metrics methods="1" coveredmethods="1" conditionals="0" coveredconditionals="0" statements="2" coveredstatements="2" elements="3" coveredelements="3"/>
        </class>
        <line num="8" type="method" name="run" crap="1" count="1"/>
        <line num="10" type="stmt" count="1"/>
        <line num="11" type="stmt" count="1"/>
        <metrics loc="12" ncloc="12" classes="1" methods="1" coveredmethods="1" conditionals="0" coveredconditionals="0" statements="2" coveredstatements="2" elements="3" coveredelements="3"/>
      </file>
    </package>
    <package name="Trump">
      <file name="/home/flavio/Dev/labs/php/trump/src/Trump/TrumpTaskManager.php">
        <class name="TrumpTaskManager" namespace="Trump">
          <metrics methods="6" coveredmethods="6" conditionals="0" coveredconditionals="0" statements="16" coveredstatements="15" elements="22" coveredelements="21"/>
        </class>
        <line num="0" type="stmt" count="2"/>
        <line num="13" type="method" name="setMaker" crap="1" count="3"/>
        <line num="15" type="stmt" count="3"/>
        <line num="16" type="stmt" count="3"/>
        <line num="18" type="method" name="getMaker" crap="3.14" count="3"/>
        <line num="20" type="stmt" count="3"/>
        <line num="21" type="stmt" count="2"/>
        <line num="22" type="stmt" count="0"/>
        <line num="24" type="stmt" count="2"/>
        <line num="27" type="method" name="run" crap="1" count="2"/>
        <line num="29" type="stmt" count="2"/>
        <line num="30" type="stmt" count="1"/>
        <line num="34" type="method" name="getTrumpFile" crap="2" count="5"/>
        <line num="36" type="stmt" count="5"/>
        <line num="37" type="stmt" count="5"/>
        <line num="40" type="method" name="setTrumpFile" crap="1" count="5"/>
        <line num="42" type="stmt" count="5"/>
        <line num="43" type="stmt" count="5"/>
        <line num="44" type="stmt" count="5"/>
        <line num="46" type="method" name="resolveMaker" crap="2" count="4"/>
        <line num="48" type="stmt" count="4"/>
        <line num="49" type="stmt" count="4"/>
        <line num="50" type="stmt" count="3"/>
        <metrics loc="51" ncloc="51" classes="1" methods="6" coveredmethods="5" conditionals="0" coveredconditionals="0" statements="16" coveredstatements="15" elements="22" coveredelements="20"/>
      </file>
    </package>
    <package name="Composer\Autoload">
      <file name="/home/flavio/Dev/labs/php/trump/vendor/composer/ClassLoader.php">
        <class name="ClassLoader" namespace="Composer\Autoload">
          <metrics methods="12" coveredmethods="2" conditionals="0" coveredconditionals="0" statements="79" coveredstatements="20" elements="91" coveredelements="22"/>
        </class>
        <line num="0" type="stmt" count="1"/>
        <line num="50" type="method" name="getPrefixes" crap="2" count="0"/>
        <line num="52" type="stmt" count="0"/>
        <line num="55" type="method" name="getFallbackDirs" crap="2" count="0"/>
        <line num="57" type="stmt" count="0"/>
        <line num="60" type="method" name="getClassMap" crap="2" count="0"/>
        <line num="62" type="stmt" count="0"/>
        <line num="68" type="method" name="addClassMap" crap="6" count="0"/>
        <line num="70" type="stmt" count="0"/>
        <line num="71" type="stmt" count="0"/>
        <line num="72" type="stmt" count="0"/>
        <line num="73" type="stmt" count="0"/>
        <line num="75" type="stmt" count="0"/>
        <line num="84" type="method" name="add" crap="30" count="0"/>
        <line num="86" type="stmt" count="0"/>
        <line num="87" type="stmt" count="0"/>
        <line num="88" type="stmt" count="0"/>
        <line num="89" type="stmt" count="0"/>
        <line num="90" type="stmt" count="0"/>
        <line num="91" type="stmt" count="0"/>
        <line num="92" type="stmt" count="0"/>
        <line num="93" type="stmt" count="0"/>
        <line num="94" type="stmt" count="0"/>
        <line num="96" type="stmt" count="0"/>
        <line num="99" type="stmt" count="0"/>
        <line num="102" type="stmt" count="0"/>
        <line num="103" type="stmt" count="0"/>
        <line num="104" type="stmt" count="0"/>
        <line num="106" type="stmt" count="0"/>
        <line num="108" type="stmt" count="0"/>
        <line num="109" type="stmt" count="0"/>
        <line num="110" type="stmt" count="0"/>
        <line num="111" type="stmt" count="0"/>
        <line num="112" type="stmt" count="0"/>
        <line num="113" type="stmt" count="0"/>
        <line num="114" type="stmt" count="0"/>
        <line num="115" type="stmt" count="0"/>
        <line num="117" type="stmt" count="0"/>
        <line num="119" type="stmt" count="0"/>
        <line num="127" type="method" name="set" crap="6" count="0"/>
        <line num="129" type="stmt" count="0"/>
        <line num="130" type="stmt" count="0"/>
        <line num="132" type="stmt" count="0"/>
        <line num="134" type="stmt" count="0"/>
        <line num="135" type="stmt" count="0"/>
        <line num="142" type="method" name="setUseIncludePath" crap="2" count="0"/>
        <line num="144" type="stmt" count="0"/>
        <line num="145" type="stmt" count="0"/>
        <line num="153" type="method" name="getUseIncludePath" crap="2" count="0"/>
        <line num="155" type="stmt" count="0"/>
        <line num="163" type="method" name="register" crap="2" count="0"/>
        <line num="165" type="stmt" count="0"/>
        <line num="166" type="stmt" count="0"/>
        <line num="171" type="method" name="unregister" crap="2" count="0"/>
        <line num="173" type="stmt" count="0"/>
        <line num="174" type="stmt" count="0"/>
        <line num="182" type="method" name="loadClass" crap="2.06" count="3"/>
        <line num="184" type="stmt" count="3"/>
        <line num="185" type="stmt" count="3"/>
        <line num="187" type="stmt" count="3"/>
        <line num="189" type="stmt" count="0"/>
        <line num="198" type="method" name="findFile" crap="26.75" count="3"/>
        <line num="201" type="stmt" count="3"/>
        <line num="202" type="stmt" count="0"/>
        <line num="203" type="stmt" count="0"/>
        <line num="205" type="stmt" count="3"/>
        <line num="206" type="stmt" count="1"/>
        <line num="209" type="stmt" count="3"/>
        <line num="211" type="stmt" count="3"/>
        <line num="212" type="stmt" count="3"/>
        <line num="213" type="stmt" count="3"/>
        <line num="215" type="stmt" count="1"/>
        <line num="216" type="stmt" count="1"/>
        <line num="219" type="stmt" count="3"/>
        <line num="221" type="stmt" count="3"/>
        <line num="222" type="stmt" count="3"/>
        <line num="223" type="stmt" count="3"/>
        <line num="224" type="stmt" count="3"/>
        <line num="225" type="stmt" count="3"/>
        <line num="226" type="stmt" count="3"/>
        <line num="227" type="stmt" count="3"/>
        <line num="229" type="stmt" count="0"/>
        <line num="230" type="stmt" count="0"/>
        <line num="231" type="stmt" count="0"/>
        <line num="232" type="stmt" count="0"/>
        <line num="234" type="stmt" count="0"/>
        <line num="235" type="stmt" count="0"/>
        <line num="236" type="stmt" count="0"/>
        <line num="238" type="stmt" count="0"/>
        <line num="240" type="stmt" count="0"/>
        <line num="241" type="stmt" count="0"/>
        <line num="244" type="stmt" count="0"/>
        <metrics loc="246" ncloc="155" classes="1" methods="12" coveredmethods="0" conditionals="0" coveredconditionals="0" statements="79" coveredstatements="20" elements="91" coveredelements="20"/>
      </file>
    </package>
    <file name="/home/flavio/Dev/labs/php/trump/vendor/composer/autoload_real.php">
      <class name="ComposerAutoloaderInitc7442abea747f6842a0991882aa98175" namespace="global">
        <metrics methods="2" coveredmethods="0" conditionals="0" coveredconditionals="0" statements="24" coveredstatements="0" elements="26" coveredelements="0"/>
      </class>
      <line num="9" type="method" name="loadClassLoader" crap="6" count="0"/>
      <line num="11" type="stmt" count="0"/>
      <line num="12" type="stmt" count="0"/>
      <line num="13" type="stmt" count="0"/>
      <line num="14" type="stmt" count="0"/>
      <line num="16" type="method" name="getLoader" crap="20" count="0"/>
      <line num="18" type="stmt" count="0"/>
      <line num="19" type="stmt" count="0"/>
      <line num="22" type="stmt" count="0"/>
      <line num="23" type="stmt" count="0"/>
      <line num="24" type="stmt" count="0"/>
      <line num="26" type="stmt" count="0"/>
      <line num="27" type="stmt" count="0"/>
      <line num="29" type="stmt" count="0"/>
      <line num="30" type="stmt" count="0"/>
      <line num="31" type="stmt" count="0"/>
      <line num="33" type="stmt" count="0"/>
      <line num="34" type="stmt" count="0"/>
      <line num="35" type="stmt" count="0"/>
      <line num="36" type="stmt" count="0"/>
      <line num="38" type="stmt" count="0"/>
      <line num="39" type="stmt" count="0"/>
      <line num="40" type="stmt" count="0"/>
      <line num="41" type="stmt" count="0"/>
      <line num="43" type="stmt" count="0"/>
      <line num="45" type="stmt" count="0"/>
      <metrics loc="47" ncloc="45" classes="1" methods="2" coveredmethods="0" conditionals="0" coveredconditionals="0" statements="24" coveredstatements="0" elements="26" coveredelements="0"/>
    </file>
    <file name="/home/flavio/Dev/labs/php/trump/vendor/mockery/mockery/library/Mockery.php">
      <class name="Mockery" namespace="global">
        <metrics methods="24" coveredmethods="5" conditionals="0" coveredconditionals="0" statements="103" coveredstatements="39" elements="127" coveredelements="44"/>
      </class>
      <line num="0" type="stmt" count="1"/>
      <line num="44" type="method" name="mock" crap="2" count="1"/>
      <line num="46" type="stmt" count="1"/>
      <line num="47" type="stmt" count="1"/>
      <line num="48" type="stmt" count="1"/>
      <line num="49" type="stmt" count="1"/>
      <line num="50" type="stmt" count="1"/>
      <line num="53" type="method" name="instanceMock" crap="6" count="0"/>
      <line num="55" type="stmt" count="0"/>
      <line num="56" type="stmt" count="0"/>
      <line num="57" type="stmt" count="0"/>
      <line num="58" type="stmt" count="0"/>
      <line num="59" type="stmt" count="0"/>
      <line num="68" type="method" name="close" crap="2" count="5"/>
      <line num="70" type="stmt" count="5"/>
      <line num="71" type="stmt" count="1"/>
      <line num="72" type="stmt" count="1"/>
      <line num="73" type="stmt" count="1"/>
      <line num="74" type="stmt" count="1"/>
      <line num="79" type="method" name="fetchMock" crap="2" count="0"/>
      <line num="81" type="stmt" count="0"/>
      <line num="87" type="method" name="getContainer" crap="2" count="0"/>
      <line num="89" type="stmt" count="0"/>
      <line num="95" type="method" name="setContainer" crap="2" count="0"/>
      <line num="97" type="stmt" count="0"/>
      <line num="103" type="method" name="resetContainer" crap="2" count="0"/>
      <line num="105" type="stmt" count="0"/>
      <line num="106" type="stmt" count="0"/>
      <line num="113" type="method" name="any" crap="2" count="0"/>
      <line num="115" type="stmt" count="0"/>
      <line num="116" type="stmt" count="0"/>
      <line num="124" type="method" name="type" crap="2" count="0"/>
      <line num="126" type="stmt" count="0"/>
      <line num="127" type="stmt" count="0"/>
      <line num="135" type="method" name="ducktype" crap="2" count="0"/>
      <line num="137" type="stmt" count="0"/>
      <line num="138" type="stmt" count="0"/>
      <line num="146" type="method" name="subset" crap="2" count="0"/>
      <line num="148" type="stmt" count="0"/>
      <line num="149" type="stmt" count="0"/>
      <line num="157" type="method" name="contains" crap="2" count="0"/>
      <line num="159" type="stmt" count="0"/>
      <line num="160" type="stmt" count="0"/>
      <line num="168" type="method" name="hasKey" crap="2" count="0"/>
      <line num="170" type="stmt" count="0"/>
      <line num="171" type="stmt" count="0"/>
      <line num="179" type="method" name="hasValue" crap="2" count="0"/>
      <line num="181" type="stmt" count="0"/>
      <line num="182" type="stmt" count="0"/>
      <line num="190" type="method" name="on" crap="2" count="0"/>
      <line num="192" type="stmt" count="0"/>
      <line num="193" type="stmt" count="0"/>
      <line num="201" type="method" name="mustBe" crap="2" count="0"/>
      <line num="203" type="stmt" count="0"/>
      <line num="204" type="stmt" count="0"/>
      <line num="212" type="method" name="not" crap="2" count="0"/>
      <line num="214" type="stmt" count="0"/>
      <line num="215" type="stmt" count="0"/>
      <line num="223" type="method" name="anyOf" crap="2" count="0"/>
      <line num="225" type="stmt" count="0"/>
      <line num="226" type="stmt" count="0"/>
      <line num="234" type="method" name="notAnyOf" crap="2" count="0"/>
      <line num="236" type="stmt" count="0"/>
      <line num="237" type="stmt" count="0"/>
      <line num="243" type="method" name="getConfiguration" crap="2" count="1"/>
      <line num="245" type="stmt" count="1"/>
      <line num="246" type="stmt" count="1"/>
      <line num="247" type="stmt" count="1"/>
      <line num="248" type="stmt" count="1"/>
      <line num="258" type="method" name="formatArgs" crap="72" count="0"/>
      <line num="260" type="stmt" count="0"/>
      <line num="261" type="stmt" count="0"/>
      <line num="262" type="stmt" count="0"/>
      <line num="263" type="stmt" count="0"/>
      <line num="264" type="stmt" count="0"/>
      <line num="265" type="stmt" count="0"/>
      <line num="266" type="stmt" count="0"/>
      <line num="267" type="stmt" count="0"/>
      <line num="268" type="stmt" count="0"/>
      <line num="269" type="stmt" count="0"/>
      <line num="270" type="stmt" count="0"/>
      <line num="271" type="stmt" count="0"/>
      <line num="273" type="stmt" count="0"/>
      <line num="274" type="stmt" count="0"/>
      <line num="276" type="stmt" count="0"/>
      <line num="277" type="stmt" count="0"/>
      <line num="278" type="stmt" count="0"/>
      <line num="289" type="method" name="parseShouldReturnArgs" crap="5.73" count="1"/>
      <line num="291" type="stmt" count="1"/>
      <line num="292" type="stmt" count="1"/>
      <line num="293" type="stmt" count="1"/>
      <line num="294" type="stmt" count="0"/>
      <line num="295" type="stmt" count="0"/>
      <line num="296" type="stmt" count="0"/>
      <line num="297" type="stmt" count="0"/>
      <line num="298" type="stmt" count="1"/>
      <line num="299" type="stmt" count="1"/>
      <line num="300" type="stmt" count="1"/>
      <line num="301" type="stmt" count="1"/>
      <line num="302" type="stmt" count="1"/>
      <line num="303" type="stmt" count="1"/>
      <line num="315" type="method" name="_buildDemeterChain" crap="12.41" count="1"/>
      <line num="317" type="stmt" count="1"/>
      <line num="318" type="stmt" count="1"/>
      <line num="319" type="stmt" count="1"/>
      <line num="320" type="stmt" count="1"/>
      <line num="321" type="stmt" count="1"/>
      <line num="322" type="stmt" count="0"/>
      <line num="324" type="stmt" count="0"/>
      <line num="325" type="stmt" count="0"/>
      <line num="326" type="stmt" count="0"/>
      <line num="328" type="stmt" count="1"/>
      <line num="330" type="stmt" count="1"/>
      <line num="331" type="stmt" count="1"/>
      <line num="332" type="stmt" count="1"/>
      <line num="333" type="stmt" count="1"/>
      <line num="334" type="stmt" count="1"/>
      <line num="335" type="stmt" count="1"/>
      <line num="336" type="stmt" count="1"/>
      <line num="337" type="stmt" count="1"/>
      <line num="338" type="stmt" count="1"/>
      <line num="339" type="stmt" count="0"/>
      <line num="340" type="stmt" count="0"/>
      <line num="341" type="stmt" count="0"/>
      <line num="342" type="stmt" count="0"/>
      <line num="344" type="stmt" count="0"/>
      <line num="345" type="stmt" count="1"/>
      <line num="348" type="stmt" count="1"/>
      <metrics loc="347" ncloc="207" classes="1" methods="23" coveredmethods="3" conditionals="0" coveredconditionals="0" statements="103" coveredstatements="39" elements="126" coveredelements="42"/>
    </file>
    <package name="Mockery">
      <file name="/home/flavio/Dev/labs/php/trump/vendor/mockery/mockery/library/Mockery/CompositeExpectation.php">
        <class name="CompositeExpectation" namespace="Mockery">
          <metrics methods="7" coveredmethods="2" conditionals="0" coveredconditionals="0" statements="24" coveredstatements="6" elements="31" coveredelements="8"/>
        </class>
        <line num="39" type="method" name="add" crap="1" count="1"/>
        <line num="41" type="stmt" count="1"/>
        <line num="42" type="stmt" count="1"/>
        <line num="51" type="method" name="__call" crap="2" count="1"/>
        <line num="53" type="stmt" count="1"/>
        <line num="54" type="stmt" count="1"/>
        <line num="55" type="stmt" count="1"/>
        <line num="56" type="stmt" count="1"/>
        <line num="64" type="method" name="getOrderNumber" crap="2" count="0"/>
        <line num="66" type="stmt" count="0"/>
        <line num="67" type="stmt" count="0"/>
        <line num="68" type="stmt" count="0"/>
        <line num="76" type="method" name="getMock" crap="2" count="0"/>
        <line num="78" type="stmt" count="0"/>
        <line num="79" type="stmt" count="0"/>
        <line num="80" type="stmt" count="0"/>
        <line num="88" type="method" name="mock" crap="2" count="0"/>
        <line num="90" type="stmt" count="0"/>
        <line num="99" type="method" name="shouldReceive" crap="2" count="0"/>
        <line num="101" type="stmt" count="0"/>
        <line num="102" type="stmt" count="0"/>
        <line num="103" type="stmt" count="0"/>
        <line num="104" type="stmt" count="0"/>
        <line num="112" type="method" name="__toString" crap="6" count="0"/>
        <line num="114" type="stmt" count="0"/>
        <line num="115" type="stmt" count="0"/>
        <line num="116" type="stmt" count="0"/>
        <line num="117" type="stmt" count="0"/>
        <line num="118" type="stmt" count="0"/>
        <line num="119" type="stmt" count="0"/>
        <line num="120" type="stmt" count="0"/>
        <line num="124" type="stmt" count="1"/>
        <metrics loc="123" ncloc="61" classes="1" methods="7" coveredmethods="2" conditionals="0" coveredconditionals="0" statements="24" coveredstatements="6" elements="31" coveredelements="8"/>
      </file>
      <file name="/home/flavio/Dev/labs/php/trump/vendor/mockery/mockery/library/Mockery/Configuration.php">
        <class name="Configuration" namespace="Mockery">
          <metrics methods="6" coveredmethods="1" conditionals="0" coveredconditionals="0" statements="14" coveredstatements="1" elements="20" coveredelements="2"/>
        </class>
        <line num="56" type="method" name="allowMockingNonExistentMethods" crap="2" count="0"/>
        <line num="58" type="stmt" count="0"/>
        <line num="59" type="stmt" count="0"/>
        <line num="66" type="method" name="mockingNonExistentMethodsAllowed" crap="1" count="1"/>
        <line num="68" type="stmt" count="1"/>
        <line num="76" type="method" name="allowMockingMethodsUnnecessarily" crap="2" count="0"/>
        <line num="78" type="stmt" count="0"/>
        <line num="79" type="stmt" count="0"/>
        <line num="86" type="method" name="mockingMethodsUnnecessarilyAllowed" crap="2" count="0"/>
        <line num="88" type="stmt" count="0"/>
        <line num="99" type="method" name="setInternalClassMethodParamMap" crap="6" count="0"/>
        <line num="101" type="stmt" count="0"/>
        <line num="102" type="stmt" count="0"/>
        <line num="103" type="stmt" count="0"/>
        <line num="104" type="stmt" count="0"/>
        <line num="105" type="stmt" count="0"/>
        <line num="112" type="method" name="getInternalClassMethodParamMap" crap="6" count="0"/>
        <line num="114" type="stmt" count="0"/>
        <line num="115" type="stmt" count="0"/>
        <line num="117" type="stmt" count="0"/>
        <line num="120" type="stmt" count="1"/>
        <metrics loc="119" ncloc="49" classes="1" methods="6" coveredmethods="1" conditionals="0" coveredconditionals="0" statements="14" coveredstatements="1" elements="20" coveredelements="2"/>
      </file>
      <file name="/home/flavio/Dev/labs/php/trump/vendor/mockery/mockery/library/Mockery/Container.php">
        <class name="Container" namespace="Mockery">
          <metrics methods="15" coveredmethods="6" conditionals="0" coveredconditionals="0" statements="136" coveredstatements="50" elements="151" coveredelements="56"/>
        </class>
        <line num="65" type="method" name="mock" crap="345.15" count="1"/>
        <line num="67" type="stmt" count="1"/>
        <line num="68" type="stmt" count="1"/>
        <line num="69" type="stmt" count="1"/>
        <line num="70" type="stmt" count="1"/>
        <line num="71" type="stmt" count="1"/>
        <line num="72" type="stmt" count="1"/>
        <line num="73" type="stmt" count="1"/>
        <line num="74" type="stmt" count="1"/>
        <line num="75" type="stmt" count="1"/>
        <line num="76" type="stmt" count="1"/>
        <line num="77" type="stmt" count="0"/>
        <line num="78" type="stmt" count="0"/>
        <line num="79" type="stmt" count="0"/>
        <line num="80" type="stmt" count="0"/>
        <line num="81" type="stmt" count="0"/>
        <line num="82" type="stmt" count="0"/>
        <line num="83" type="stmt" count="1"/>
        <line num="84" type="stmt" count="1"/>
        <line num="86" type="stmt" count="1"/>
        <line num="87" type="stmt" count="0"/>
        <line num="88" type="stmt" count="0"/>
        <line num="89" type="stmt" count="0"/>
        <line num="90" type="stmt" count="0"/>
        <line num="93" type="stmt" count="0"/>
        <line num="94" type="stmt" count="0"/>
        <line num="95" type="stmt" count="0"/>
        <line num="97" type="stmt" count="0"/>
        <line num="98" type="stmt" count="0"/>
        <line num="99" type="stmt" count="0"/>
        <line num="100" type="stmt" count="1"/>
        <line num="101" type="stmt" count="0"/>
        <line num="102" type="stmt" count="0"/>
        <line num="103" type="stmt" count="0"/>
        <line num="104" type="stmt" count="1"/>
        <line num="105" type="stmt" count="0"/>
        <line num="106" type="stmt" count="0"/>
        <line num="107" type="stmt" count="0"/>
        <line num="108" type="stmt" count="0"/>
        <line num="109" type="stmt" count="1"/>
        <line num="110" type="stmt" count="0"/>
        <line num="111" type="stmt" count="0"/>
        <line num="112" type="stmt" count="0"/>
        <line num="113" type="stmt" count="0"/>
        <line num="115" type="stmt" count="0"/>
        <line num="116" type="stmt" count="0"/>
        <line num="117" type="stmt" count="0"/>
        <line num="118" type="stmt" count="0"/>
        <line num="119" type="stmt" count="1"/>
        <line num="120" type="stmt" count="1"/>
        <line num="121" type="stmt" count="1"/>
        <line num="122" type="stmt" count="0"/>
        <line num="123" type="stmt" count="0"/>
        <line num="124" type="stmt" count="0"/>
        <line num="125" type="stmt" count="0"/>
        <line num="126" type="stmt" count="0"/>
        <line num="127" type="stmt" count="0"/>
        <line num="128" type="stmt" count="0"/>
        <line num="129" type="stmt" count="0"/>
        <line num="131" type="stmt" count="0"/>
        <line num="132" type="stmt" count="0"/>
        <line num="134" type="stmt" count="1"/>
        <line num="135" type="stmt" count="1"/>
        <line num="136" type="stmt" count="0"/>
        <line num="137" type="stmt" count="0"/>
        <line num="138" type="stmt" count="0"/>
        <line num="139" type="stmt" count="0"/>
        <line num="141" type="stmt" count="0"/>
        <line num="142" type="stmt" count="0"/>
        <line num="143" type="stmt" count="0"/>
        <line num="144" type="stmt" count="1"/>
        <line num="145" type="stmt" count="0"/>
        <line num="146" type="stmt" count="0"/>
        <line num="147" type="stmt" count="1"/>
        <line num="148" type="stmt" count="1"/>
        <line num="149" type="stmt" count="1"/>
        <line num="150" type="stmt" count="1"/>
        <line num="151" type="stmt" count="1"/>
        <line num="152" type="stmt" count="0"/>
        <line num="153" type="stmt" count="0"/>
        <line num="154" type="stmt" count="0"/>
        <line num="155" type="stmt" count="0"/>
        <line num="156" type="stmt" count="0"/>
        <line num="157" type="stmt" count="0"/>
        <line num="159" type="stmt" count="1"/>
        <line num="160" type="stmt" count="0"/>
        <line num="161" type="stmt" count="0"/>
        <line num="162" type="stmt" count="1"/>
        <line num="163" type="stmt" count="0"/>
        <line num="164" type="stmt" count="0"/>
        <line num="165" type="stmt" count="1"/>
        <line num="166" type="stmt" count="1"/>
        <line num="169" type="method" name="instanceMock" crap="2" count="0"/>
        <line num="172" type="stmt" count="0"/>
        <line num="179" type="method" name="mockery_teardown" crap="2.26" count="1"/>
        <line num="182" type="stmt" count="1"/>
        <line num="183" type="stmt" count="1"/>
        <line num="184" type="stmt" count="0"/>
        <line num="185" type="stmt" count="0"/>
        <line num="187" type="stmt" count="1"/>
        <line num="194" type="method" name="mockery_verify" crap="2" count="1"/>
        <line num="196" type="stmt" count="1"/>
        <line num="197" type="stmt" count="1"/>
        <line num="198" type="stmt" count="1"/>
        <line num="199" type="stmt" count="1"/>
        <line num="206" type="method" name="mockery_close" crap="2" count="1"/>
        <line num="208" type="stmt" count="1"/>
        <line num="209" type="stmt" count="1"/>
        <line num="210" type="stmt" count="1"/>
        <line num="211" type="stmt" count="1"/>
        <line num="212" type="stmt" count="1"/>
        <line num="219" type="method" name="mockery_allocateOrder" crap="2" count="0"/>
        <line num="221" type="stmt" count="0"/>
        <line num="222" type="stmt" count="0"/>
        <line num="231" type="method" name="mockery_setGroup" crap="2" count="0"/>
        <line num="233" type="stmt" count="0"/>
        <line num="234" type="stmt" count="0"/>
        <line num="241" type="method" name="mockery_getGroups" crap="2" count="0"/>
        <line num="243" type="stmt" count="0"/>
        <line num="252" type="method" name="mockery_setCurrentOrder" crap="2" count="0"/>
        <line num="254" type="stmt" count="0"/>
        <line num="255" type="stmt" count="0"/>
        <line num="263" type="method" name="mockery_getCurrentOrder" crap="2" count="0"/>
        <line num="265" type="stmt" count="0"/>
        <line num="276" type="method" name="mockery_validateOrder" crap="6" count="0"/>
        <line num="278" type="stmt" count="0"/>
        <line num="279" type="stmt" count="0"/>
        <line num="280" type="stmt" count="0"/>
        <line num="281" type="stmt" count="0"/>
        <line num="282" type="stmt" count="0"/>
        <line num="284" type="stmt" count="0"/>
        <line num="285" type="stmt" count="0"/>
        <line num="293" type="method" name="rememberMock" crap="2.03" count="1"/>
        <line num="295" type="stmt" count="1"/>
        <line num="296" type="stmt" count="1"/>
        <line num="297" type="stmt" count="1"/>
        <line num="302" type="stmt" count="0"/>
        <line num="304" type="stmt" count="1"/>
        <line num="315" type="method" name="self" crap="2" count="0"/>
        <line num="317" type="stmt" count="0"/>
        <line num="318" type="stmt" count="0"/>
        <line num="319" type="stmt" count="0"/>
        <line num="328" type="method" name="fetchMock" crap="6" count="0"/>
        <line num="330" type="stmt" count="0"/>
        <line num="331" type="stmt" count="0"/>
        <line num="333" type="method" name="_getInstance" crap="2.26" count="1"/>
        <line num="335" type="stmt" count="1"/>
        <line num="336" type="stmt" count="1"/>
        <line num="337" type="stmt" count="1"/>
        <line num="339" type="stmt" count="0"/>
        <line num="340" type="stmt" count="0"/>
        <line num="344" type="stmt" count="1"/>
        <metrics loc="343" ncloc="219" classes="1" methods="15" coveredmethods="2" conditionals="0" coveredconditionals="0" statements="136" coveredstatements="50" elements="151" coveredelements="52"/>
      </file>
      <file name="/home/flavio/Dev/labs/php/trump/vendor/mockery/mockery/library/Mockery/Expectation.php">
        <class name="Expectation" namespace="Mockery">
          <metrics methods="34" coveredmethods="3" conditionals="0" coveredconditionals="0" statements="132" coveredstatements="8" elements="166" coveredelements="11"/>
        </class>
        <line num="132" type="method" name="__construct" crap="1" count="1"/>
        <line num="134" type="stmt" count="1"/>
        <line num="135" type="stmt" count="1"/>
        <line num="136" type="stmt" count="1"/>
        <line num="145" type="method" name="__toString" crap="2" count="0"/>
        <line num="147" type="stmt" count="0"/>
        <line num="157" type="method" name="verifyCall" crap="12" count="0"/>
        <line num="159" type="stmt" count="0"/>
        <line num="160" type="stmt" count="0"/>
        <line num="161" type="stmt" count="0"/>
        <line num="162" type="stmt" count="0"/>
        <line num="163" type="stmt" count="0"/>
        <line num="165" type="stmt" count="0"/>
        <line num="174" type="method" name="_getReturnValue" crap="30" count="0"/>
        <line num="176" type="stmt" count="0"/>
        <line num="177" type="stmt" count="0"/>
        <line num="178" type="stmt" count="0"/>
        <line num="179" type="stmt" count="0"/>
        <line num="180" type="stmt" count="0"/>
        <line num="181" type="stmt" count="0"/>
        <line num="182" type="stmt" count="0"/>
        <line num="183" type="stmt" count="0"/>
        <line num="185" type="stmt" count="0"/>
        <line num="192" type="method" name="isEligible" crap="12" count="0"/>
        <line num="194" type="stmt" count="0"/>
        <line num="195" type="stmt" count="0"/>
        <line num="196" type="stmt" count="0"/>
        <line num="198" type="stmt" count="0"/>
        <line num="199" type="stmt" count="0"/>
        <line num="207" type="method" name="isCallCountConstrained" crap="2" count="0"/>
        <line num="209" type="stmt" count="0"/>
        <line num="217" type="method" name="validateOrder" crap="12" count="0"/>
        <line num="219" type="stmt" count="0"/>
        <line num="220" type="stmt" count="0"/>
        <line num="221" type="stmt" count="0"/>
        <line num="222" type="stmt" count="0"/>
        <line num="223" type="stmt" count="0"/>
        <line num="224" type="stmt" count="0"/>
        <line num="225" type="stmt" count="0"/>
        <line num="226" type="stmt" count="0"/>
        <line num="233" type="method" name="verify" crap="2.06" count="1"/>
        <line num="235" type="stmt" count="1"/>
        <line num="236" type="stmt" count="0"/>
        <line num="237" type="stmt" count="1"/>
        <line num="238" type="stmt" count="1"/>
        <line num="246" type="method" name="matchArgs" crap="42" count="0"/>
        <line num="248" type="stmt" count="0"/>
        <line num="249" type="stmt" count="0"/>
        <line num="251" type="stmt" count="0"/>
        <line num="252" type="stmt" count="0"/>
        <line num="254" type="stmt" count="0"/>
        <line num="255" type="stmt" count="0"/>
        <line num="256" type="stmt" count="0"/>
        <line num="257" type="stmt" count="0"/>
        <line num="259" type="stmt" count="0"/>
        <line num="260" type="stmt" count="0"/>
        <line num="269" type="method" name="_matchArg" crap="210" count="0"/>
        <line num="271" type="stmt" count="0"/>
        <line num="272" type="stmt" count="0"/>
        <line num="274" type="stmt" count="0"/>
        <line num="275" type="stmt" count="0"/>
        <line num="277" type="stmt" count="0"/>
        <line num="278" type="stmt" count="0"/>
        <line num="279" type="stmt" count="0"/>
        <line num="280" type="stmt" count="0"/>
        <line num="282" type="stmt" count="0"/>
        <line num="283" type="stmt" count="0"/>
        <line num="284" type="stmt" count="0"/>
        <line num="285" type="stmt" count="0"/>
        <line num="286" type="stmt" count="0"/>
        <line num="288" type="stmt" count="0"/>
        <line num="289" type="stmt" count="0"/>
        <line num="290" type="stmt" count="0"/>
        <line num="292" type="stmt" count="0"/>
        <line num="293" type="stmt" count="0"/>
        <line num="295" type="stmt" count="0"/>
        <line num="304" type="method" name="with" crap="2" count="0"/>
        <line num="306" type="stmt" count="0"/>
        <line num="307" type="stmt" count="0"/>
        <line num="315" type="method" name="withNoArgs" crap="2" count="0"/>
        <line num="317" type="stmt" count="0"/>
        <line num="318" type="stmt" count="0"/>
        <line num="326" type="method" name="withAnyArgs" crap="2" count="0"/>
        <line num="328" type="stmt" count="0"/>
        <line num="329" type="stmt" count="0"/>
        <line num="337" type="method" name="andReturn" crap="1" count="1"/>
        <line num="339" type="stmt" count="1"/>
        <line num="340" type="stmt" count="1"/>
        <line num="350" type="method" name="andReturnUsing" crap="2" count="0"/>
        <line num="352" type="stmt" count="0"/>
        <line num="353" type="stmt" count="0"/>
        <line num="361" type="method" name="andReturnUndefined" crap="2" count="0"/>
        <line num="363" type="stmt" count="0"/>
        <line num="364" type="stmt" count="0"/>
        <line num="376" type="method" name="andThrow" crap="6" count="0"/>
        <line num="378" type="stmt" count="0"/>
        <line num="379" type="stmt" count="0"/>
        <line num="380" type="stmt" count="0"/>
        <line num="381" type="stmt" count="0"/>
        <line num="382" type="stmt" count="0"/>
        <line num="384" type="stmt" count="0"/>
        <line num="394" type="method" name="andSet" crap="2" count="0"/>
        <line num="396" type="stmt" count="0"/>
        <line num="397" type="stmt" count="0"/>
        <line num="408" type="method" name="set" crap="2" count="0"/>
        <line num="410" type="stmt" count="0"/>
        <line num="418" type="method" name="zeroOrMoreTimes" crap="2" count="0"/>
        <line num="420" type="stmt" count="0"/>
        <line num="421" type="stmt" count="0"/>
        <line num="428" type="method" name="times" crap="6" count="0"/>
        <line num="430" type="stmt" count="0"/>
        <line num="431" type="stmt" count="0"/>
        <line num="432" type="stmt" count="0"/>
        <line num="433" type="stmt" count="0"/>
        <line num="441" type="method" name="never" crap="2" count="0"/>
        <line num="443" type="stmt" count="0"/>
        <line num="451" type="method" name="once" crap="2" count="0"/>
        <line num="453" type="stmt" count="0"/>
        <line num="461" type="method" name="twice" crap="2" count="0"/>
        <line num="463" type="stmt" count="0"/>
        <line num="471" type="method" name="atLeast" crap="2" count="0"/>
        <line num="473" type="stmt" count="0"/>
        <line num="474" type="stmt" count="0"/>
        <line num="482" type="method" name="atMost" crap="2" count="0"/>
        <line num="484" type="stmt" count="0"/>
        <line num="485" type="stmt" count="0"/>
        <line num="494" type="method" name="between" crap="2" count="0"/>
        <line num="496" type="stmt" count="0"/>
        <line num="505" type="method" name="ordered" crap="6" count="0"/>
        <line num="507" type="stmt" count="0"/>
        <line num="508" type="stmt" count="0"/>
        <line num="509" type="stmt" count="0"/>
        <line num="510" type="stmt" count="0"/>
        <line num="512" type="stmt" count="0"/>
        <line num="513" type="stmt" count="0"/>
        <line num="521" type="method" name="globally" crap="2" count="0"/>
        <line num="523" type="stmt" count="0"/>
        <line num="524" type="stmt" count="0"/>
        <line num="534" type="method" name="_defineOrdered" crap="12" count="0"/>
        <line num="536" type="stmt" count="0"/>
        <line num="537" type="stmt" count="0"/>
        <line num="538" type="stmt" count="0"/>
        <line num="539" type="stmt" count="0"/>
        <line num="540" type="stmt" count="0"/>
        <line num="541" type="stmt" count="0"/>
        <line num="542" type="stmt" count="0"/>
        <line num="543" type="stmt" count="0"/>
        <line num="545" type="stmt" count="0"/>
        <line num="553" type="method" name="getOrderNumber" crap="2" count="0"/>
        <line num="555" type="stmt" count="0"/>
        <line num="563" type="method" name="byDefault" crap="6" count="0"/>
        <line num="565" type="stmt" count="0"/>
        <line num="566" type="stmt" count="0"/>
        <line num="567" type="stmt" count="0"/>
        <line num="568" type="stmt" count="0"/>
        <line num="569" type="stmt" count="0"/>
        <line num="577" type="method" name="getMock" crap="2" count="0"/>
        <line num="579" type="stmt" count="0"/>
        <line num="586" type="method" name="__clone" crap="6" count="0"/>
        <line num="588" type="stmt" count="0"/>
        <line num="589" type="stmt" count="0"/>
        <line num="590" type="stmt" count="0"/>
        <line num="591" type="stmt" count="0"/>
        <line num="592" type="stmt" count="0"/>
        <line num="593" type="stmt" count="0"/>
        <line num="594" type="stmt" count="0"/>
        <line num="597" type="stmt" count="1"/>
        <metrics loc="596" ncloc="313" classes="1" methods="34" coveredmethods="2" conditionals="0" coveredconditionals="0" statements="132" coveredstatements="8" elements="166" coveredelements="10"/>
      </file>
      <file name="/home/flavio/Dev/labs/php/trump/vendor/mockery/mockery/library/Mockery/ExpectationDirector.php">
        <class name="ExpectationDirector" namespace="Mockery">
          <metrics methods="8" coveredmethods="3" conditionals="0" coveredconditionals="0" statements="44" coveredstatements="11" elements="52" coveredelements="14"/>
        </class>
        <line num="67" type="method" name="__construct" crap="1" count="1"/>
        <line num="69" type="stmt" count="1"/>
        <line num="70" type="stmt" count="1"/>
        <line num="71" type="stmt" count="1"/>
        <line num="78" type="method" name="addExpectation" crap="1" count="1"/>
        <line num="80" type="stmt" count="1"/>
        <line num="81" type="stmt" count="1"/>
        <line num="89" type="method" name="call" crap="6" count="0"/>
        <line num="91" type="stmt" count="0"/>
        <line num="92" type="stmt" count="0"/>
        <line num="93" type="stmt" count="0"/>
        <line num="95" type="stmt" count="0"/>
        <line num="96" type="stmt" count="0"/>
        <line num="97" type="stmt" count="0"/>
        <line num="98" type="stmt" count="0"/>
        <line num="99" type="stmt" count="0"/>
        <line num="101" type="stmt" count="0"/>
        <line num="110" type="method" name="verify" crap="4.59" count="1"/>
        <line num="112" type="stmt" count="1"/>
        <line num="113" type="stmt" count="1"/>
        <line num="114" type="stmt" count="1"/>
        <line num="115" type="stmt" count="1"/>
        <line num="116" type="stmt" count="1"/>
        <line num="117" type="stmt" count="0"/>
        <line num="118" type="stmt" count="0"/>
        <line num="119" type="stmt" count="0"/>
        <line num="121" type="stmt" count="1"/>
        <line num="129" type="method" name="findExpectation" crap="6" count="0"/>
        <line num="131" type="stmt" count="0"/>
        <line num="132" type="stmt" count="0"/>
        <line num="134" type="stmt" count="0"/>
        <line num="144" type="method" name="makeExpectationDefault" crap="6" count="0"/>
        <line num="146" type="stmt" count="0"/>
        <line num="147" type="stmt" count="0"/>
        <line num="148" type="stmt" count="0"/>
        <line num="149" type="stmt" count="0"/>
        <line num="150" type="stmt" count="0"/>
        <line num="151" type="stmt" count="0"/>
        <line num="153" type="stmt" count="0"/>
        <line num="155" type="stmt" count="0"/>
        <line num="164" type="method" name="_findExpectationIn" crap="42" count="0"/>
        <line num="166" type="stmt" count="0"/>
        <line num="167" type="stmt" count="0"/>
        <line num="168" type="stmt" count="0"/>
        <line num="170" type="stmt" count="0"/>
        <line num="171" type="stmt" count="0"/>
        <line num="172" type="stmt" count="0"/>
        <line num="173" type="stmt" count="0"/>
        <line num="175" type="stmt" count="0"/>
        <line num="176" type="stmt" count="0"/>
        <line num="183" type="method" name="getExpectations" crap="2" count="0"/>
        <line num="185" type="stmt" count="0"/>
        <line num="189" type="stmt" count="1"/>
        <metrics loc="188" ncloc="98" classes="1" methods="8" coveredmethods="2" conditionals="0" coveredconditionals="0" statements="44" coveredstatements="11" elements="52" coveredelements="13"/>
      </file>
      <file name="/home/flavio/Dev/labs/php/trump/vendor/mockery/mockery/library/Mockery/Generator.php">
        <class name="Generator" namespace="Mockery">
          <metrics methods="8" coveredmethods="7" conditionals="0" coveredconditionals="0" statements="193" coveredstatements="104" elements="201" coveredelements="111"/>
        </class>
        <line num="0" type="stmt" count="1"/>
        <line num="37" type="method" name="createClassMock" crap="20.26" count="1"/>
        <line num="41" type="stmt" count="1"/>
        <line num="42" type="stmt" count="1"/>
        <line num="43" type="stmt" count="1"/>
        <line num="44" type="stmt" count="1"/>
        <line num="45" type="stmt" count="1"/>
        <line num="46" type="stmt" count="1"/>
        <line num="47" type="stmt" count="1"/>
        <line num="48" type="stmt" count="1"/>
        <line num="49" type="stmt" count="1"/>
        <line num="50" type="stmt" count="1"/>
        <line num="51" type="stmt" count="0"/>
        <line num="52" type="stmt" count="0"/>
        <line num="53" type="stmt" count="0"/>
        <line num="54" type="stmt" count="0"/>
        <line num="55" type="stmt" count="0"/>
        <line num="56" type="stmt" count="1"/>
        <line num="57" type="stmt" count="1"/>
        <line num="59" type="stmt" count="1"/>
        <line num="60" type="stmt" count="1"/>
        <line num="61" type="stmt" count="1"/>
        <line num="62" type="stmt" count="1"/>
        <line num="63" type="stmt" count="0"/>
        <line num="64" type="stmt" count="0"/>
        <line num="65" type="stmt" count="0"/>
        <line num="66" type="stmt" count="0"/>
        <line num="67" type="stmt" count="0"/>
        <line num="68" type="stmt" count="0"/>
        <line num="70" type="stmt" count="1"/>
        <line num="71" type="stmt" count="1"/>
        <line num="72" type="stmt" count="1"/>
        <line num="73" type="stmt" count="1"/>
        <line num="74" type="stmt" count="1"/>
        <line num="75" type="stmt" count="1"/>
        <line num="77" type="stmt" count="1"/>
        <line num="78" type="stmt" count="1"/>
        <line num="79" type="stmt" count="1"/>
        <line num="80" type="stmt" count="1"/>
        <line num="81" type="stmt" count="1"/>
        <line num="82" type="stmt" count="1"/>
        <line num="83" type="stmt" count="1"/>
        <line num="84" type="stmt" count="1"/>
        <line num="85" type="stmt" count="0"/>
        <line num="87" type="stmt" count="1"/>
        <line num="88" type="stmt" count="1"/>
        <line num="89" type="stmt" count="1"/>
        <line num="90" type="stmt" count="1"/>
        <line num="91" type="stmt" count="1"/>
        <line num="94" type="method" name="_analyseClass" crap="20.22" count="1"/>
        <line num="96" type="stmt" count="1"/>
        <line num="97" type="stmt" count="0"/>
        <line num="98" type="stmt" count="0"/>
        <line num="99" type="stmt" count="0"/>
        <line num="100" type="stmt" count="0"/>
        <line num="101" type="stmt" count="0"/>
        <line num="102" type="stmt" count="0"/>
        <line num="103" type="stmt" count="0"/>
        <line num="104" type="stmt" count="1"/>
        <line num="105" type="stmt" count="0"/>
        <line num="106" type="stmt" count="0"/>
        <line num="107" type="stmt" count="1"/>
        <line num="108" type="stmt" count="1"/>
        <line num="109" type="stmt" count="1"/>
        <line num="110" type="stmt" count="1"/>
        <line num="111" type="stmt" count="1"/>
        <line num="112" type="stmt" count="0"/>
        <line num="113" type="stmt" count="0"/>
        <line num="114" type="stmt" count="0"/>
        <line num="115" type="stmt" count="0"/>
        <line num="116" type="stmt" count="0"/>
        <line num="117" type="stmt" count="0"/>
        <line num="118" type="stmt" count="0"/>
        <line num="119" type="stmt" count="1"/>
        <line num="120" type="stmt" count="0"/>
        <line num="121" type="stmt" count="0"/>
        <line num="122" type="stmt" count="0"/>
        <line num="123" type="stmt" count="1"/>
        <line num="125" type="stmt" count="1"/>
        <line num="126" type="stmt" count="1"/>
        <line num="127" type="stmt" count="1"/>
        <line num="128" type="stmt" count="1"/>
        <line num="130" type="stmt" count="1"/>
        <line num="138" type="method" name="applyMockeryTo" crap="18.52" count="1"/>
        <line num="141" type="stmt" count="1"/>
        <line num="142" type="stmt" count="1"/>
        <line num="146" type="stmt" count="1"/>
        <line num="147" type="stmt" count="1"/>
        <line num="148" type="stmt" count="1"/>
        <line num="149" type="stmt" count="0"/>
        <line num="151" type="stmt" count="1"/>
        <line num="152" type="stmt" count="1"/>
        <line num="153" type="stmt" count="1"/>
        <line num="154" type="stmt" count="1"/>
        <line num="155" type="stmt" count="1"/>
        <line num="156" type="stmt" count="1"/>
        <line num="157" type="stmt" count="1"/>
        <line num="158" type="stmt" count="1"/>
        <line num="159" type="stmt" count="1"/>
        <line num="160" type="stmt" count="1"/>
        <line num="161" type="stmt" count="1"/>
        <line num="162" type="stmt" count="0"/>
        <line num="163" type="stmt" count="0"/>
        <line num="164" type="stmt" count="0"/>
        <line num="165" type="stmt" count="0"/>
        <line num="166" type="stmt" count="0"/>
        <line num="167" type="stmt" count="1"/>
        <line num="168" type="stmt" count="1"/>
        <line num="171" type="method" name="stubAbstractProtected" crap="3.71" count="1"/>
        <line num="173" type="stmt" count="1"/>
        <line num="174" type="stmt" count="1"/>
        <line num="175" type="stmt" count="0"/>
        <line num="176" type="stmt" count="0"/>
        <line num="177" type="stmt" count="0"/>
        <line num="178" type="stmt" count="1"/>
        <line num="179" type="stmt" count="1"/>
        <line num="188" type="method" name="_replacePublicMethod" crap="6.66" count="1"/>
        <line num="190" type="stmt" count="1"/>
        <line num="191" type="stmt" count="1"/>
        <line num="192" type="stmt" count="1"/>
        <line num="206" type="stmt" count="1"/>
        <line num="207" type="stmt" count="1"/>
        <line num="208" type="stmt" count="1"/>
        <line num="209" type="stmt" count="1"/>
        <line num="210" type="stmt" count="1"/>
        <line num="211" type="stmt" count="1"/>
        <line num="212" type="stmt" count="1"/>
        <line num="213" type="stmt" count="1"/>
        <line num="214" type="stmt" count="0"/>
        <line num="215" type="stmt" count="0"/>
        <line num="216" type="stmt" count="0"/>
        <line num="218" type="stmt" count="1"/>
        <line num="219" type="stmt" count="0"/>
        <line num="220" type="stmt" count="0"/>
        <line num="221" type="stmt" count="1"/>
        <line num="222" type="stmt" count="1"/>
        <line num="225" type="method" name="_renderPublicMethodParameters" crap="22.50" count="1"/>
        <line num="227" type="stmt" count="1"/>
        <line num="228" type="stmt" count="1"/>
        <line num="229" type="stmt" count="0"/>
        <line num="230" type="stmt" count="0"/>
        <line num="231" type="stmt" count="0"/>
        <line num="232" type="stmt" count="0"/>
        <line num="233" type="stmt" count="1"/>
        <line num="234" type="stmt" count="1"/>
        <line num="235" type="stmt" count="1"/>
        <line num="236" type="stmt" count="1"/>
        <line num="237" type="stmt" count="1"/>
        <line num="238" type="stmt" count="0"/>
        <line num="239" type="stmt" count="1"/>
        <line num="240" type="stmt" count="0"/>
        <line num="241" type="stmt" count="0"/>
        <line num="242" type="stmt" count="1"/>
        <line num="243" type="stmt" count="1"/>
        <line num="244" type="stmt" count="0"/>
        <line num="245" type="stmt" count="0"/>
        <line num="246" type="stmt" count="0"/>
        <line num="247" type="stmt" count="0"/>
        <line num="248" type="stmt" count="0"/>
        <line num="249" type="stmt" count="1"/>
        <line num="250" type="stmt" count="0"/>
        <line num="251" type="stmt" count="0"/>
        <line num="253" type="stmt" count="1"/>
        <line num="254" type="stmt" count="1"/>
        <line num="255" type="stmt" count="1"/>
        <line num="262" type="method" name="_replaceProtectedAbstractMethod" crap="72" count="0"/>
        <line num="264" type="stmt" count="0"/>
        <line num="265" type="stmt" count="0"/>
        <line num="266" type="stmt" count="0"/>
        <line num="267" type="stmt" count="0"/>
        <line num="268" type="stmt" count="0"/>
        <line num="269" type="stmt" count="0"/>
        <line num="270" type="stmt" count="0"/>
        <line num="271" type="stmt" count="0"/>
        <line num="272" type="stmt" count="0"/>
        <line num="273" type="stmt" count="0"/>
        <line num="274" type="stmt" count="0"/>
        <line num="275" type="stmt" count="0"/>
        <line num="276" type="stmt" count="0"/>
        <line num="277" type="stmt" count="0"/>
        <line num="278" type="stmt" count="0"/>
        <line num="279" type="stmt" count="0"/>
        <line num="280" type="stmt" count="0"/>
        <line num="281" type="stmt" count="0"/>
        <line num="282" type="stmt" count="0"/>
        <line num="283" type="stmt" count="0"/>
        <line num="284" type="stmt" count="0"/>
        <line num="285" type="stmt" count="0"/>
        <line num="286" type="stmt" count="0"/>
        <line num="287" type="stmt" count="0"/>
        <line num="288" type="stmt" count="0"/>
        <line num="289" type="stmt" count="0"/>
        <line num="290" type="stmt" count="0"/>
        <line num="302" type="method" name="_getStandardMethods" crap="3.47" count="1"/>
        <line num="304" type="stmt" count="1"/>
        <line num="531" type="stmt" count="1"/>
        <line num="549" type="stmt" count="1"/>
        <line num="555" type="stmt" count="1"/>
        <line num="580" type="stmt" count="0"/>
        <line num="581" type="stmt" count="0"/>
        <line num="582" type="stmt" count="0"/>
        <line num="583" type="stmt" count="1"/>
        <line num="588" type="stmt" count="1"/>
        <metrics loc="587" ncloc="519" classes="1" methods="8" coveredmethods="0" conditionals="0" coveredconditionals="0" statements="193" coveredstatements="104" elements="201" coveredelements="104"/>
      </file>
    </package>
    <file name="/home/flavio/Dev/labs/php/trump/vendor/mockery/mockery/library/Mockery/MockInterface.php">
      <line num="175" type="stmt" count="1"/>
      <metrics loc="174" ncloc="42" classes="0" methods="0" coveredmethods="0" conditionals="0" coveredconditionals="0" statements="0" coveredstatements="0" elements="0" coveredelements="0"/>
    </file>
    <metrics files="14" loc="2848" ncloc="1786" classes="12" methods="123" coveredmethods="19" conditionals="0" coveredconditionals="0" statements="769" coveredstatements="258" elements="892" coveredelements="277"/>
  </project>
</coverage>
